<?xml version="1.0" encoding="UTF-8"?>
<testsuite xmlns:xsi="http://www.w3.org/2001/XMLSchema-instance" xsi:noNamespaceSchemaLocation="https://maven.apache.org/surefire/maven-surefire-plugin/xsd/surefire-test-report.xsd" name="uk.ac.ed.inf.AppTest" time="0.784" tests="21" errors="0" skipped="0" failures="0">
  <properties>
    <property name="java.specification.version" value="14"/>
    <property name="sun.cpu.isalist" value="amd64"/>
    <property name="sun.jnu.encoding" value="Cp1252"/>
    <property name="java.class.path" value="C:\Users\lefte\IdeaProjects\ILP\ILP\target\test-classes;C:\Users\lefte\IdeaProjects\ILP\ILP\target\classes;C:\Users\lefte\.m2\repository\junit\junit\4.11\junit-4.11.jar;C:\Users\lefte\.m2\repository\org\hamcrest\hamcrest-core\1.3\hamcrest-core-1.3.jar;C:\Users\lefte\.m2\repository\com\google\code\gson\gson\2.8.8\gson-2.8.8.jar;C:\Users\lefte\.m2\repository\com\mapbox\mapboxsdk\mapbox-sdk-geojson\5.8.0\mapbox-sdk-geojson-5.8.0.jar;C:\Users\lefte\.m2\repository\org\locationtech\jts\jts-core\1.17.1\jts-core-1.17.1.jar;C:\Users\lefte\.m2\repository\org\javatuples\javatuples\1.2\javatuples-1.2.jar;C:\Users\lefte\.m2\repository\org\apache\derby\derbyclient\10.15.2.0\derbyclient-10.15.2.0.jar;C:\Users\lefte\.m2\repository\org\apache\derby\derbyshared\10.15.2.0\derbyshared-10.15.2.0.jar;"/>
    <property name="java.vm.vendor" value="Oracle Corporation"/>
    <property name="sun.arch.data.model" value="64"/>
    <property name="user.variant" value=""/>
    <property name="java.vendor.url" value="https://java.oracle.com/"/>
    <property name="user.timezone" value="Europe/London"/>
    <property name="os.name" value="Windows 10"/>
    <property name="java.vm.specification.version" value="14"/>
    <property name="sun.java.launcher" value="SUN_STANDARD"/>
    <property name="user.country" value="GB"/>
    <property name="sun.boot.library.path" value="C:\Program Files\Java\jdk-14.0.2\bin"/>
    <property name="sun.java.command" value="C:\Users\lefte\AppData\Local\Temp\surefire9505801948614331701\surefirebooter7046348800658625934.jar C:\Users\lefte\AppData\Local\Temp\surefire9505801948614331701 2021-12-10T15-34-14_097-jvmRun1 surefire4464162127649310743tmp surefire_06900296493576765995tmp"/>
    <property name="jdk.debug" value="release"/>
    <property name="surefire.test.class.path" value="C:\Users\lefte\IdeaProjects\ILP\ILP\target\test-classes;C:\Users\lefte\IdeaProjects\ILP\ILP\target\classes;C:\Users\lefte\.m2\repository\junit\junit\4.11\junit-4.11.jar;C:\Users\lefte\.m2\repository\org\hamcrest\hamcrest-core\1.3\hamcrest-core-1.3.jar;C:\Users\lefte\.m2\repository\com\google\code\gson\gson\2.8.8\gson-2.8.8.jar;C:\Users\lefte\.m2\repository\com\mapbox\mapboxsdk\mapbox-sdk-geojson\5.8.0\mapbox-sdk-geojson-5.8.0.jar;C:\Users\lefte\.m2\repository\org\locationtech\jts\jts-core\1.17.1\jts-core-1.17.1.jar;C:\Users\lefte\.m2\repository\org\javatuples\javatuples\1.2\javatuples-1.2.jar;C:\Users\lefte\.m2\repository\org\apache\derby\derbyclient\10.15.2.0\derbyclient-10.15.2.0.jar;C:\Users\lefte\.m2\repository\org\apache\derby\derbyshared\10.15.2.0\derbyshared-10.15.2.0.jar;"/>
    <property name="sun.cpu.endian" value="little"/>
    <property name="user.home" value="C:\Users\lefte"/>
    <property name="user.language" value="en"/>
    <property name="java.specification.vendor" value="Oracle Corporation"/>
    <property name="java.version.date" value="2020-07-14"/>
    <property name="java.home" value="C:\Program Files\Java\jdk-14.0.2"/>
    <property name="file.separator" value="\"/>
    <property name="basedir" value="C:\Users\lefte\IdeaProjects\ILP\ILP"/>
    <property name="java.vm.compressedOopsMode" value="32-bit"/>
    <property name="line.separator" value="&#10;"/>
    <property name="java.vm.specification.vendor" value="Oracle Corporation"/>
    <property name="java.specification.name" value="Java Platform API Specification"/>
    <property name="surefire.real.class.path" value="C:\Users\lefte\AppData\Local\Temp\surefire9505801948614331701\surefirebooter7046348800658625934.jar"/>
    <property name="user.script" value=""/>
    <property name="sun.management.compiler" value="HotSpot 64-Bit Tiered Compilers"/>
    <property name="java.runtime.version" value="14.0.2+12-46"/>
    <property name="user.name" value="lefte"/>
    <property name="path.separator" value=";"/>
    <property name="os.version" value="10.0"/>
    <property name="java.runtime.name" value="Java(TM) SE Runtime Environment"/>
    <property name="file.encoding" value="Cp1252"/>
    <property name="java.vm.name" value="Java HotSpot(TM) 64-Bit Server VM"/>
    <property name="localRepository" value="C:\Users\lefte\.m2\repository"/>
    <property name="java.vendor.url.bug" value="https://bugreport.java.com/bugreport/"/>
    <property name="java.io.tmpdir" value="C:\Users\lefte\AppData\Local\Temp\"/>
    <property name="idea.version" value="2021.2.3"/>
    <property name="java.version" value="14.0.2"/>
    <property name="user.dir" value="C:\Users\lefte\IdeaProjects\ILP\ILP"/>
    <property name="os.arch" value="amd64"/>
    <property name="java.vm.specification.name" value="Java Virtual Machine Specification"/>
    <property name="sun.os.patch.level" value=""/>
    <property name="java.library.path" value="C:\Program Files\Java\jdk-14.0.2\bin;C:\Windows\Sun\Java\bin;C:\Windows\system32;C:\Windows;C:\Windows\system32;C:\Windows;C:\Windows\System32\Wbem;C:\Windows\System32\WindowsPowerShell\v1.0\;C:\Windows\System32\OpenSSH\;C:\Users\lefte\AppData\Roaming\Microsoft\Windows\Start Menu\Programs\Python 3.10;C:\Users\lefte\AppData\Roaming\Microsoft\Windows\Start Menu\Programs\Python 3.10;C:\Users\lefte\AppData\Local\Packages\PythonSoftwareFoundation.Python.3.8_qbz5n2kfra8p0\LocalCache\local-packages\Python38\Scripts;C:\Program Files\OpenAFS\Client\Program;C:\Program Files (x86)\OpenAFS\Client\Program;C:\Program Files\Heimdal\bin\;C:\Program Files\Git\cmd;C:\Users\lefte\Downloads\ilp (2)\ilp\Derby\db-derby-10.15.2.0-bin;C:\Users\lefte\AppData\Local\Microsoft\WindowsApps;C:\Program Files\Java\jdk-14.0.2\bin;C:\Program Files\Java;C:\Xilinx\Vivado;C:\Users\lefte\AppData\Local\Programs\Microsoft VS Code\bin;C:\Users\lefte\AppData\Roaming\Microsoft\Windows\Start Menu\Programs\Python 3.10;C:\Users\lefte\AppData\Local\Packages\PythonSoftwareFoundation.Python.3.8_qbz5n2kfra8p0\LocalCache\local-packages\Python38\Scripts;C:\MinGW\bin;C:\Users\lefte\Downloads\ilp (2)\ilp\Derby\db-derby-10.15.2.0-bin;;."/>
    <property name="java.vm.info" value="mixed mode, sharing"/>
    <property name="java.vendor" value="Oracle Corporation"/>
    <property name="java.vm.version" value="14.0.2+12-46"/>
    <property name="sun.io.unicode.encoding" value="UnicodeLittle"/>
    <property name="java.class.version" value="58.0"/>
  </properties>
  <testcase name="testCloseToFalse" classname="uk.ac.ed.inf.AppTest" time="0.003"/>
  <testcase name="testAngle20" classname="uk.ac.ed.inf.AppTest" time="0"/>
  <testcase name="testAngle50" classname="uk.ac.ed.inf.AppTest" time="0"/>
  <testcase name="testAngle90" classname="uk.ac.ed.inf.AppTest" time="0"/>
  <testcase name="testCloseToTrue" classname="uk.ac.ed.inf.AppTest" time="0"/>
  <testcase name="testMenusFourA" classname="uk.ac.ed.inf.AppTest" time="0.696"/>
  <testcase name="testMenusFourB" classname="uk.ac.ed.inf.AppTest" time="0.008"/>
  <testcase name="testMenusThree" classname="uk.ac.ed.inf.AppTest" time="0.009"/>
  <testcase name="testAngle140" classname="uk.ac.ed.inf.AppTest" time="0"/>
  <testcase name="testAngle190" classname="uk.ac.ed.inf.AppTest" time="0.001"/>
  <testcase name="testAngle260" classname="uk.ac.ed.inf.AppTest" time="0"/>
  <testcase name="testAngle300" classname="uk.ac.ed.inf.AppTest" time="0"/>
  <testcase name="testAngle350" classname="uk.ac.ed.inf.AppTest" time="0"/>
  <testcase name="testAngle999" classname="uk.ac.ed.inf.AppTest" time="0"/>
  <testcase name="testMenusOne" classname="uk.ac.ed.inf.AppTest" time="0.01"/>
  <testcase name="testMenusTwo" classname="uk.ac.ed.inf.AppTest" time="0.006"/>
  <testcase name="testAngle0" classname="uk.ac.ed.inf.AppTest" time="0.001"/>
  <testcase name="testIsConfinedFalse" classname="uk.ac.ed.inf.AppTest" time="0"/>
  <testcase name="testIsConfinedTrueA" classname="uk.ac.ed.inf.AppTest" time="0"/>
  <testcase name="testIsConfinedTrueB" classname="uk.ac.ed.inf.AppTest" time="0"/>
  <testcase name="testDistanceTo" classname="uk.ac.ed.inf.AppTest" time="0"/>
</testsuite>